<?xml version="1.0" encoding="UTF-8"?>
<!-- Generated by org.testng.reporters.JUnitReportReporter -->
<testsuite skipped="0" hostname="DESKTOP-7L09EG2" name="com.runner.TestNgRunner" tests="1" failures="0" timestamp="04 Nov 2019 14:46:51 GMT" time="36.837" errors="0">
  <testcase name="feature" time="36.837" classname="com.runner.TestNgRunner"/>
</testsuite> <!-- com.runner.TestNgRunner -->
